2023-10-26 15:51:27,854 - log.py - <module> -[line:10] - DEBUG: debug级别，一般用来打印一些调试信息，级别最低
2023-10-26 15:51:27,855 - log.py - <module> -[line:11] - INFO: info级别，一般用来打印一些正常的操作信息
2023-10-26 15:51:27,855 - log.py - <module> -[line:12] - WARNING: waring级别，一般用来打印警告信息
2023-10-26 15:51:27,855 - log.py - <module> -[line:13] - ERROR: error级别，一般用来打印一些错误信息
2023-10-26 15:51:27,855 - log.py - <module> -[line:14] - CRITICAL: critical级别，一般用来打印一些致命的错误信息，等级最高
2023-10-26 15:53:52,033 - log.py - <module> -[line:10] - DEBUG: debug级别，一般用来打印一些调试信息，级别最低
2023-10-26 15:53:52,033 - log.py - <module> -[line:11] - INFO: info级别，一般用来打印一些正常的操作信息
2023-10-26 15:53:52,035 - log.py - <module> -[line:12] - WARNING: waring级别，一般用来打印警告信息
2023-10-26 15:53:52,035 - log.py - <module> -[line:13] - ERROR: error级别，一般用来打印一些错误信息
2023-10-26 15:53:52,035 - log.py - <module> -[line:14] - CRITICAL: critical级别，一般用来打印一些致命的错误信息，等级最高
2023-10-26 15:53:57,873 - log.py - <module> -[line:10] - DEBUG: debug级别，一般用来打印一些调试信息，级别最低
2023-10-26 15:53:57,873 - log.py - <module> -[line:11] - INFO: info级别，一般用来打印一些正常的操作信息
2023-10-26 15:53:57,873 - log.py - <module> -[line:12] - WARNING: waring级别，一般用来打印警告信息
2023-10-26 15:53:57,873 - log.py - <module> -[line:13] - ERROR: error级别，一般用来打印一些错误信息
2023-10-26 15:53:57,873 - log.py - <module> -[line:14] - CRITICAL: critical级别，一般用来打印一些致命的错误信息，等级最高
2023-10-26 15:53:58,760 - log.py - <module> -[line:10] - DEBUG: debug级别，一般用来打印一些调试信息，级别最低
2023-10-26 15:53:58,760 - log.py - <module> -[line:11] - INFO: info级别，一般用来打印一些正常的操作信息
2023-10-26 15:53:58,760 - log.py - <module> -[line:12] - WARNING: waring级别，一般用来打印警告信息
2023-10-26 15:53:58,760 - log.py - <module> -[line:13] - ERROR: error级别，一般用来打印一些错误信息
2023-10-26 15:53:58,760 - log.py - <module> -[line:14] - CRITICAL: critical级别，一般用来打印一些致命的错误信息，等级最高
2023-10-26 15:55:43,855 - log.py - <module> -[line:10] - DEBUG: debug级别，一般用来打印一些调试信息，级别最低
2023-10-26 15:55:43,855 - log.py - <module> -[line:11] - INFO: info级别，一般用来打印一些正常的操作信息
2023-10-26 15:55:43,855 - log.py - <module> -[line:12] - WARNING: waring级别，一般用来打印警告信息
2023-10-26 15:55:43,855 - log.py - <module> -[line:13] - ERROR: error级别，一般用来打印一些错误信息
2023-10-26 15:55:43,855 - log.py - <module> -[line:14] - CRITICAL: critical级别，一般用来打印一些致命的错误信息，等级最高
2023-10-26 15:55:43,855 - log.py - <module> -[line:17] - INFO: 2322222222222222222222222222222222222222222222222222222222222222222222222
2023-10-26 15:55:53,161 - log.py - <module> -[line:10] - DEBUG: debug级别，一般用来打印一些调试信息，级别最低
2023-10-26 15:55:53,161 - log.py - <module> -[line:11] - INFO: info级别，一般用来打印一些正常的操作信息
2023-10-26 15:55:53,161 - log.py - <module> -[line:12] - WARNING: waring级别，一般用来打印警告信息
2023-10-26 15:55:53,161 - log.py - <module> -[line:13] - ERROR: error级别，一般用来打印一些错误信息
2023-10-26 15:55:53,161 - log.py - <module> -[line:14] - CRITICAL: critical级别，一般用来打印一些致命的错误信息，等级最高
2023-10-26 15:55:53,161 - log.py - <module> -[line:17] - INFO: 2322222222222222222222222222222222222222222222222222222222222222222222222
2023-10-26 15:56:08,854 - log.py - <module> -[line:10] - DEBUG: debug级别，一般用来打印一些调试信息，级别最低
2023-10-26 15:56:08,854 - log.py - <module> -[line:11] - INFO: info级别，一般用来打印一些正常的操作信息
2023-10-26 15:56:08,854 - log.py - <module> -[line:12] - WARNING: waring级别，一般用来打印警告信息
2023-10-26 15:56:08,854 - log.py - <module> -[line:13] - ERROR: error级别，一般用来打印一些错误信息
2023-10-26 15:56:08,854 - log.py - <module> -[line:14] - CRITICAL: critical级别，一般用来打印一些致命的错误信息，等级最高
2023-10-26 15:56:08,854 - log.py - <module> -[line:17] - INFO: 2322222222222222222222222222222222222222222222222222222222222222222222222
